Philosopher 1 is thinking
Philosopher 0 picking up chopstick 1
Philosopher 2 is done eating
Philosopher 1 is hungry
Philosopher 2 putting down chopstick 3
Philosopher 3 picking up chopstick 3
Philosopher 3 is starting to eat
Philosopher 2 putting down chopstick 2
Philosopher 2 is thinking
Philosopher 3 is done eating
Philosopher 1 picking up chopstick 2
Philosopher 2 is hungry
Philosopher 3 putting down chopstick 4
Philosopher 4 picking up chopstick 4
Philosopher 4 is starting to eat
Philosopher 3 putting down chopstick 3
Philosopher 3 is thinking
Philosopher 2 picking up chopstick 3
Philosopher 3 is hungry
Philosopher 4 is done eating
Philosopher 4 putting down chopstick 0
Philosopher 0 picking up chopstick 0
Philosopher 0 is starting to eat
Philosopher 0 is done eating
Philosopher 3 picking up chopstick 4
Philosopher 4 putting down chopstick 4
Philosopher 4 is thinking
Philosopher 0 putting down chopstick 1
Philosopher 4 is hungry
Philosopher 1 picking up chopstick 1
Philosopher 1 is starting to eat
Philosopher 0 putting down chopstick 0
Philosopher 0 is thinking
Philosopher 4 picking up chopstick 0
Philosopher 1 is done eating
Philosopher 0 is hungry
Philosopher 1 putting down chopstick 2
Philosopher 2 picking up chopstick 2
Philosopher 2 is starting to eat
Philosopher 1 putting down chopstick 1
Philosopher 1 is thinking
Philosopher 0 picking up chopstick 1
Philosopher 2 is done eating
Philosopher 1 is hungry
Philosopher 2 putting down chopstick 3
Philosopher 3 picking up chopstick 3
Philosopher 3 is starting to eat
Philosopher 2 putting down chopstick 2
Philosopher 2 is thinking
Philosopher 3 is done eating
Philosopher 1 picking up chopstick 2
Philosopher 2 is hungry
Philosopher 3 putting down chopstick 4
Philosopher 4 picking up chopstick 4
Philosopher 4 is starting to eat
Philosopher 3 putting down chopstick 3
Philosopher 3 is thinking
Philosopher 2 picking up chopstick 3
Philosopher 4 is done eating
Philosopher 3 is hungry
Philosopher 4 putting down chopstick 0
Philosopher 4 putting down chopstick 4
Philosopher 4 is thinking
Philosopher 3 picking up chopstick 4
Philosopher 0 picking up chopstick 0
Philosopher 0 is starting to eat
Philosopher 4 is hungry
Philosopher 0 is done eating
Philosopher 0 putting down chopstick 1
Philosopher 1 picking up chopstick 1
Philosopher 1 is starting to eat
Philosopher 1 is done eating
Philosopher 4 picking up chopstick 0
Philosopher 0 putting down chopstick 0
Philosopher 0 is thinking
Philosopher 1 putting down chopstick 2
Philosopher 2 picking up chopstick 2
Philosopher 2 is starting to eat
Philosopher 0 is hungry
Philosopher 2 is done eating
Philosopher 1 putting down chopstick 1
Philosopher 1 is thinking
Philosopher 0 picking up chopstick 1
Philosopher 2 putting down chopstick 3
Philosopher 3 picking up chopstick 3
Philosopher 3 is starting to eat
Philosopher 2 putting down chopstick 2
Philosopher 2 is thinking
Philosopher 1 is hungry
Philosopher 1 picking up chopstick 2
Philosopher 2 is hungry
Philosopher 3 is done eating
Philosopher 3 putting down chopstick 4
Philosopher 4 picking up chopstick 4
Philosopher 4 is starting to eat
Philosopher 4 is done eating
Philosopher 3 putting down chopstick 3
Philosopher 3 is thinking
Philosopher 2 picking up chopstick 3
Philosopher 4 putting down chopstick 0
Philosopher 3 is hungry
Philosopher 0 picking up chopstick 0
Philosopher 0 is starting to eat
Philosopher 4 putting down chopstick 4
Philosopher 4 is thinking
Philosopher 3 picking up chopstick 4
Philosopher 0 is done eating
Philosopher 4 is hungry
Philosopher 0 putting down chopstick 1
Philosopher 1 picking up chopstick 1
Philosopher 1 is starting to eat
Philosopher 1 is done eating
Philosopher 4 picking up chopstick 0
Philosopher 0 putting down chopstick 0
Philosopher 0 is thinking
Philosopher 1 putting down chopstick 2
Philosopher 0 is hungry
Philosopher 2 picking up chopstick 2
Philosopher 2 is starting to eat
Philosopher 1 putting down chopstick 1
Philosopher 1 is thinking
Philosopher 0 picking up chopstick 1
Philosopher 2 is done eating
Philosopher 1 is hungry
Philosopher 2 putting down chopstick 3
Philosopher 3 picking up chopstick 3
Philosopher 3 is starting to eat
Philosopher 2 putting down chopstick 2
Philosopher 2 is thinking
Philosopher 1 picking up chopstick 2
Philosopher 3 is done eating
Philosopher 2 is hungry
Philosopher 3 putting down chopstick 4
Philosopher 4 picking up chopstick 4
Philosopher 4 is starting to eat
Philosopher 3 putting down chopstick 3
Philosopher 3 is thinking
Philosopher 2 picking up chopstick 3
Philosopher 4 is done eating
Philosopher 3 is hungry
Philosopher 4 putting down chopstick 0
Philosopher 0 picking up chopstick 0
Philosopher 0 is starting to eat
Philosopher 4 putting down chopstick 4
Philosopher 4 is thinking
Philosopher 0 is done eating
Philosopher 3 picking up chopstick 4
Philosopher 4 is hungry
Philosopher 0 putting down chopstick 1
Philosopher 1 picking up chopstick 1
Philosopher 1 is starting to eat
Philosopher 0 putting down chopstick 0
Philosopher 0 is thinking
Philosopher 4 picking up chopstick 0
Philosopher 1 is done eating
Philosopher 0 is hungry
Philosopher 1 putting down chopstick 2
Philosopher 2 picking up chopstick 2
Philosopher 2 is starting to eat
Philosopher 1 putting down chopstick 1
Philosopher 1 is thinking
Philosopher 2 is done eating
Philosopher 0 picking up chopstick 1
Philosopher 1 is hungry
Philosopher 2 putting down chopstick 3
Philosopher 3 picking up chopstick 3
Philosopher 3 is starting to eat
Philosopher 2 putting down chopstick 2
Philosopher 2 is thinking
Philosopher 1 picking up chopstick 2
Philosopher 3 is done eating
Philosopher 2 is hungry
Philosopher 3 putting down chopstick 4
Philosopher 4 picking up chopstick 4
Philosopher 4 is starting to eat
Philosopher 4 is done eating
Philosopher 3 putting down chopstick 3
Philosopher 3 is thinking
Philosopher 2 picking up chopstick 3
Philosopher 4 putting down chopstick 0
Philosopher 3 is hungry
Philosopher 0 picking up chopstick 0
Philosopher 0 is starting to eat
Philosopher 4 putting down chopstick 4
Philosopher 4 is thinking
Philosopher 0 is done eating
Philosopher 3 picking up chopstick 4
Philosopher 4 is hungry
Philosopher 0 putting down chopstick 1
Philosopher 0 putting down chopstick 0
Philosopher 0 is thinking
Philosopher 4 picking up chopstick 0
Philosopher 1 picking up chopstick 1
Philosopher 1 is starting to eat
Philosopher 0 is hungry
Philosopher 1 is done eating
Philosopher 1 putting down chopstick 2
Philosopher 2 picking up chopstick 2
Philosopher 2 is starting to eat
Philosopher 1 putting down chopstick 1
Philosopher 1 is thinking
Philosopher 0 picking up chopstick 1
Philosopher 2 is done eating
Philosopher 1 is hungry
Philosopher 2 putting down chopstick 3
Philosopher 3 picking up chopstick 3
Philosopher 3 is starting to eat
Philosopher 2 putting down chopstick 2
Philosopher 2 is thinking
Philosopher 1 picking up chopstick 2
Philosopher 3 is done eating
Philosopher 2 is hungry
Philosopher 3 putting down chopstick 4
Philosopher 4 picking up chopstick 4
Philosopher 4 is starting to eat
Philosopher 4 is done eating
Philosopher 3 putting down chopstick 3
Philosopher 3 is thinking
Philosopher 2 picking up chopstick 3
Philosopher 4 putting down chopstick 0
Philosopher 3 is hungry
Philosopher 0 picking up chopstick 0
Philosopher 0 is starting to eat
Philosopher 4 putting down chopstick 4
Philosopher 4 is thinking
Philosopher 3 picking up chopstick 4
Philosopher 4 is hungry
Philosopher 0 is done eating
Philosopher 0 putting down chopstick 1
Philosopher 0 putting down chopstick 0
Philosopher 0 is thinking
Philosopher 4 picking up chopstick 0
Philosopher 0 is hungry
Philosopher 0 picking up chopstick 1